0 info it worked if it ends with ok
1 verbose cli [
1 verbose cli   'E:\\Program Files\\nodejs\\node.exe',
1 verbose cli   'C:\\Users\\Alannah\\AppData\\Roaming\\npm\\node_modules\\npm\\bin\\npm-cli.js',
1 verbose cli   'start'
1 verbose cli ]
2 info using npm@2.15.12
3 info using node@v12.18.3
4 verbose run-script [ 'prestart', 'start', 'poststart' ]
5 info prestart tutorialbot@1.0.0
6 info start tutorialbot@1.0.0
7 verbose unsafe-perm in lifecycle true
8 info tutorialbot@1.0.0 Failed to exec start script
9 verbose stack Error: tutorialbot@1.0.0 start: `nf start`
9 verbose stack Exit status 1
9 verbose stack     at EventEmitter.<anonymous> (C:\Users\Alannah\AppData\Roaming\npm\node_modules\npm\lib\utils\lifecycle.js:217:16)
9 verbose stack     at EventEmitter.emit (events.js:315:20)
9 verbose stack     at ChildProcess.<anonymous> (C:\Users\Alannah\AppData\Roaming\npm\node_modules\npm\lib\utils\spawn.js:24:14)
9 verbose stack     at ChildProcess.emit (events.js:315:20)
9 verbose stack     at maybeClose (internal/child_process.js:1021:16)
9 verbose stack     at Process.ChildProcess._handle.onexit (internal/child_process.js:286:5)
10 verbose pkgid tutorialbot@1.0.0
11 verbose cwd C:\Users\Alannah\Documents\GitHub\VFD-Bot
12 error Windows_NT 10.0.19041
13 error argv "E:\\Program Files\\nodejs\\node.exe" "C:\\Users\\Alannah\\AppData\\Roaming\\npm\\node_modules\\npm\\bin\\npm-cli.js" "start"
14 error node v12.18.3
15 error npm  v2.15.12
16 error code ELIFECYCLE
17 error tutorialbot@1.0.0 start: `nf start`
17 error Exit status 1
18 error Failed at the tutorialbot@1.0.0 start script 'nf start'.
18 error This is most likely a problem with the tutorialbot package,
18 error not with npm itself.
18 error Tell the author that this fails on your system:
18 error     nf start
18 error You can get information on how to open an issue for this project with:
18 error     npm bugs tutorialbot
18 error Or if that isn't available, you can get their info via:
18 error
18 error     npm owner ls tutorialbot
18 error There is likely additional logging output above.
19 verbose exit [ 1, true ]
